/Applications/Xcode.app/Contents/Developer/usr/bin/make -C ./configure install
perl -CSD /Users/emnu7898/uni/echtzeit/epics-base/bin/darwin-aarch64/makeMakefile.pl O.darwin-aarch64 ../..
mkdir -p O.Common
/Applications/Xcode.app/Contents/Developer/usr/bin/make -C O.darwin-aarch64 -f ../Makefile TOP=../.. \
	    T_A=darwin-aarch64 install
perl -CSD /Users/emnu7898/uni/echtzeit/epics-base/bin/darwin-aarch64/convertRelease.pl checkRelease
/Applications/Xcode.app/Contents/Developer/usr/bin/make -C ./myExampleApp install
/Applications/Xcode.app/Contents/Developer/usr/bin/make -C ./src install
/Applications/Xcode.app/Contents/Developer/usr/bin/make -C ./Db install
perl -CSD /Users/emnu7898/uni/echtzeit/epics-base/bin/darwin-aarch64/makeMakefile.pl O.darwin-aarch64 ../../..
perl -CSD /Users/emnu7898/uni/echtzeit/epics-base/bin/darwin-aarch64/makeMakefile.pl O.darwin-aarch64 ../../..
mkdir -p O.Common
mkdir -p O.Common
/Applications/Xcode.app/Contents/Developer/usr/bin/make -C O.darwin-aarch64 -f ../Makefile TOP=../../.. \
	    T_A=darwin-aarch64 install
/Applications/Xcode.app/Contents/Developer/usr/bin/make -C O.darwin-aarch64 -f ../Makefile TOP=../../.. \
	    T_A=darwin-aarch64 install
perl -CSD /Users/emnu7898/uni/echtzeit/epics-base/bin/darwin-aarch64/dbdToRecordtypeH.pl   -I. -I.. -I../O.Common -I../../../dbd -I/Users/emnu7898/uni/echtzeit/epics-base/dbd -o xxxRecord.h ../xxxRecord.dbd
make[3]: Nothing to be done for `install'.
perl -CSD /Users/emnu7898/uni/echtzeit/epics-base/bin/darwin-aarch64/genVersionHeader.pl   -t ../../.. -N myExampleVERSION -V "" ../O.Common/myExampleVersion.h
Creating dbd file myExample.dbd
perl -CSD /Users/emnu7898/uni/echtzeit/epics-base/bin/darwin-aarch64/dbdExpand.pl   -I. -I.. -I../O.Common -I../../../dbd -I/Users/emnu7898/uni/echtzeit/epics-base/dbd -o myExample.dbd threadExample.dbd base.dbd xxxSupport.dbd dbSubExample.dbd devmyExampleVersion.dbd myExampleHello.dbd initTrace.dbd PVAServerRegister.dbd qsrv.dbd
fatal: bad revision 'HEAD'
fatal: ambiguous argument 'HEAD': unknown revision or path not in the working tree.
Use '--' to separate paths from revisions, like this:
'git <command> [<revision>...] -- [<file>...]'
Creating VCS header ../O.Common/myExampleVersion.h
    myExampleVERSION = ""
cc           -DUSE_TYPED_RSET -DUSE_TYPED_DSET    -DUNIX  -Ddarwin      -O3 -g   -Wall -Werror-implicit-function-declaration       -arch arm64 -mmacosx-version-min=14.0   -fno-common  -I. -I../O.Common -I. -I. -I.. -I../../../include/compiler/clang -I../../../include/os/Darwin -I../../../include -I/Users/emnu7898/uni/echtzeit/epics-base/include/compiler/clang -I/Users/emnu7898/uni/echtzeit/epics-base/include/os/Darwin -I/Users/emnu7898/uni/echtzeit/epics-base/include        -I/opt/homebrew/include  -MM -MF threadExample.d  ../threadExample.c
cc           -DUSE_TYPED_RSET -DUSE_TYPED_DSET    -DUNIX  -Ddarwin      -O3 -g   -Wall -Werror-implicit-function-declaration       -arch arm64 -mmacosx-version-min=14.0   -fno-common  -fPIC -I. -I../O.Common -I. -I. -I.. -I../../../include/compiler/clang -I../../../include/os/Darwin -I../../../include -I/Users/emnu7898/uni/echtzeit/epics-base/include/compiler/clang -I/Users/emnu7898/uni/echtzeit/epics-base/include/os/Darwin -I/Users/emnu7898/uni/echtzeit/epics-base/include        -I/opt/homebrew/include  -MM -MF initTrace.d  ../initTrace.c
cc           -DUSE_TYPED_RSET -DUSE_TYPED_DSET    -DUNIX  -Ddarwin      -O3 -g   -Wall -Werror-implicit-function-declaration       -arch arm64 -mmacosx-version-min=14.0   -fno-common  -fPIC -I. -I../O.Common -I. -I. -I.. -I../../../include/compiler/clang -I../../../include/os/Darwin -I../../../include -I/Users/emnu7898/uni/echtzeit/epics-base/include/compiler/clang -I/Users/emnu7898/uni/echtzeit/epics-base/include/os/Darwin -I/Users/emnu7898/uni/echtzeit/epics-base/include        -I/opt/homebrew/include  -MM -MF myExampleHello.d  ../myExampleHello.c
cc           -DUSE_TYPED_RSET -DUSE_TYPED_DSET    -DUNIX  -Ddarwin      -O3 -g   -Wall -Werror-implicit-function-declaration       -arch arm64 -mmacosx-version-min=14.0   -fno-common  -fPIC -I. -I../O.Common -I. -I. -I.. -I../../../include/compiler/clang -I../../../include/os/Darwin -I../../../include -I/Users/emnu7898/uni/echtzeit/epics-base/include/compiler/clang -I/Users/emnu7898/uni/echtzeit/epics-base/include/os/Darwin -I/Users/emnu7898/uni/echtzeit/epics-base/include        -I/opt/homebrew/include  -MM -MF devmyExampleVersion.d  ../devmyExampleVersion.c
cc           -DUSE_TYPED_RSET -DUSE_TYPED_DSET    -DUNIX  -Ddarwin      -O3 -g   -Wall -Werror-implicit-function-declaration       -arch arm64 -mmacosx-version-min=14.0   -fno-common  -fPIC -I. -I../O.Common -I. -I. -I.. -I../../../include/compiler/clang -I../../../include/os/Darwin -I../../../include -I/Users/emnu7898/uni/echtzeit/epics-base/include/compiler/clang -I/Users/emnu7898/uni/echtzeit/epics-base/include/os/Darwin -I/Users/emnu7898/uni/echtzeit/epics-base/include        -I/opt/homebrew/include  -MM -MF dbSubExample.d  ../dbSubExample.c
cc           -DUSE_TYPED_RSET -DUSE_TYPED_DSET    -DUNIX  -Ddarwin      -O3 -g   -Wall -Werror-implicit-function-declaration       -arch arm64 -mmacosx-version-min=14.0   -fno-common  -fPIC -I. -I../O.Common -I. -I. -I.. -I../../../include/compiler/clang -I../../../include/os/Darwin -I../../../include -I/Users/emnu7898/uni/echtzeit/epics-base/include/compiler/clang -I/Users/emnu7898/uni/echtzeit/epics-base/include/os/Darwin -I/Users/emnu7898/uni/echtzeit/epics-base/include        -I/opt/homebrew/include  -MM -MF devXxxSoft.d  ../devXxxSoft.c
cc           -DUSE_TYPED_RSET -DUSE_TYPED_DSET    -DUNIX  -Ddarwin      -O3 -g   -Wall -Werror-implicit-function-declaration       -arch arm64 -mmacosx-version-min=14.0   -fno-common  -fPIC -I. -I../O.Common -I. -I. -I.. -I../../../include/compiler/clang -I../../../include/os/Darwin -I../../../include -I/Users/emnu7898/uni/echtzeit/epics-base/include/compiler/clang -I/Users/emnu7898/uni/echtzeit/epics-base/include/os/Darwin -I/Users/emnu7898/uni/echtzeit/epics-base/include        -I/opt/homebrew/include  -MM -MF xxxRecord.d  ../xxxRecord.c
c++           -DUSE_TYPED_RSET -DUSE_TYPED_DSET    -DUNIX  -Ddarwin      -O3 -g   -Wall       -arch arm64    -fno-common  -I. -I../O.Common -I. -I. -I.. -I../../../include/compiler/clang -I../../../include/os/Darwin -I../../../include -I/Users/emnu7898/uni/echtzeit/epics-base/include/compiler/clang -I/Users/emnu7898/uni/echtzeit/epics-base/include/os/Darwin -I/Users/emnu7898/uni/echtzeit/epics-base/include        -I/opt/homebrew/include  -MM -MF myExampleMain.d  ../myExampleMain.cpp
perl -CSD /Users/emnu7898/uni/echtzeit/epics-base/bin/darwin-aarch64/registerRecordDeviceDriver.pl   -I. -I.. -I../O.Common -I../../../dbd -I/Users/emnu7898/uni/echtzeit/epics-base/dbd    -o myExample_registerRecordDeviceDriver.cpp \
            ../O.Common/myExample.dbd myExample_registerRecordDeviceDriver /Users/emnu7898/threadExample_lab
c++           -DUSE_TYPED_RSET -DUSE_TYPED_DSET    -DUNIX  -Ddarwin      -O3 -g   -Wall       -arch arm64    -fno-common  -I. -I../O.Common -I. -I. -I.. -I../../../include/compiler/clang -I../../../include/os/Darwin -I../../../include -I/Users/emnu7898/uni/echtzeit/epics-base/include/compiler/clang -I/Users/emnu7898/uni/echtzeit/epics-base/include/os/Darwin -I/Users/emnu7898/uni/echtzeit/epics-base/include        -I/opt/homebrew/include  -MM -MF myExample_registerRecordDeviceDriver.d  myExample_registerRecordDeviceDriver.cpp
perl -CSD /Users/emnu7898/uni/echtzeit/epics-base/bin/darwin-aarch64/genVersionHeader.pl   -t ../../.. -N myExampleVERSION -V "" ../O.Common/myExampleVersion.h
fatal: bad revision 'HEAD'
fatal: ambiguous argument 'HEAD': unknown revision or path not in the working tree.
Use '--' to separate paths from revisions, like this:
'git <command> [<revision>...] -- [<file>...]'
Keeping VCS header ../O.Common/myExampleVersion.h
    myExampleVERSION = ""
Installing created dbd file ../../../dbd/myExample.dbd
Installing generated generic include file ../../../include/xxxRecord.h
cc           -DUSE_TYPED_RSET -DUSE_TYPED_DSET    -DUNIX  -Ddarwin      -O3 -g   -Wall -Werror-implicit-function-declaration       -arch arm64 -mmacosx-version-min=14.0   -fno-common  -fPIC -I. -I../O.Common -I. -I. -I.. -I../../../include/compiler/clang -I../../../include/os/Darwin -I../../../include -I/Users/emnu7898/uni/echtzeit/epics-base/include/compiler/clang -I/Users/emnu7898/uni/echtzeit/epics-base/include/os/Darwin -I/Users/emnu7898/uni/echtzeit/epics-base/include        -I/opt/homebrew/include  -c ../xxxRecord.c
cc           -DUSE_TYPED_RSET -DUSE_TYPED_DSET    -DUNIX  -Ddarwin      -O3 -g   -Wall -Werror-implicit-function-declaration       -arch arm64 -mmacosx-version-min=14.0   -fno-common  -fPIC -I. -I../O.Common -I. -I. -I.. -I../../../include/compiler/clang -I../../../include/os/Darwin -I../../../include -I/Users/emnu7898/uni/echtzeit/epics-base/include/compiler/clang -I/Users/emnu7898/uni/echtzeit/epics-base/include/os/Darwin -I/Users/emnu7898/uni/echtzeit/epics-base/include        -I/opt/homebrew/include  -c ../devXxxSoft.c
cc           -DUSE_TYPED_RSET -DUSE_TYPED_DSET    -DUNIX  -Ddarwin      -O3 -g   -Wall -Werror-implicit-function-declaration       -arch arm64 -mmacosx-version-min=14.0   -fno-common  -fPIC -I. -I../O.Common -I. -I. -I.. -I../../../include/compiler/clang -I../../../include/os/Darwin -I../../../include -I/Users/emnu7898/uni/echtzeit/epics-base/include/compiler/clang -I/Users/emnu7898/uni/echtzeit/epics-base/include/os/Darwin -I/Users/emnu7898/uni/echtzeit/epics-base/include        -I/opt/homebrew/include  -c ../dbSubExample.c
cc           -DUSE_TYPED_RSET -DUSE_TYPED_DSET    -DUNIX  -Ddarwin      -O3 -g   -Wall -Werror-implicit-function-declaration       -arch arm64 -mmacosx-version-min=14.0   -fno-common  -fPIC -I. -I../O.Common -I. -I. -I.. -I../../../include/compiler/clang -I../../../include/os/Darwin -I../../../include -I/Users/emnu7898/uni/echtzeit/epics-base/include/compiler/clang -I/Users/emnu7898/uni/echtzeit/epics-base/include/os/Darwin -I/Users/emnu7898/uni/echtzeit/epics-base/include        -I/opt/homebrew/include  -c ../devmyExampleVersion.c
cc           -DUSE_TYPED_RSET -DUSE_TYPED_DSET    -DUNIX  -Ddarwin      -O3 -g   -Wall -Werror-implicit-function-declaration       -arch arm64 -mmacosx-version-min=14.0   -fno-common  -fPIC -I. -I../O.Common -I. -I. -I.. -I../../../include/compiler/clang -I../../../include/os/Darwin -I../../../include -I/Users/emnu7898/uni/echtzeit/epics-base/include/compiler/clang -I/Users/emnu7898/uni/echtzeit/epics-base/include/os/Darwin -I/Users/emnu7898/uni/echtzeit/epics-base/include        -I/opt/homebrew/include  -c ../myExampleHello.c
cc           -DUSE_TYPED_RSET -DUSE_TYPED_DSET    -DUNIX  -Ddarwin      -O3 -g   -Wall -Werror-implicit-function-declaration       -arch arm64 -mmacosx-version-min=14.0   -fno-common  -fPIC -I. -I../O.Common -I. -I. -I.. -I../../../include/compiler/clang -I../../../include/os/Darwin -I../../../include -I/Users/emnu7898/uni/echtzeit/epics-base/include/compiler/clang -I/Users/emnu7898/uni/echtzeit/epics-base/include/os/Darwin -I/Users/emnu7898/uni/echtzeit/epics-base/include        -I/opt/homebrew/include  -c ../initTrace.c
cc           -DUSE_TYPED_RSET -DUSE_TYPED_DSET    -DUNIX  -Ddarwin      -O3 -g   -Wall -Werror-implicit-function-declaration       -arch arm64 -mmacosx-version-min=14.0   -fno-common  -I. -I../O.Common -I. -I. -I.. -I../../../include/compiler/clang -I../../../include/os/Darwin -I../../../include -I/Users/emnu7898/uni/echtzeit/epics-base/include/compiler/clang -I/Users/emnu7898/uni/echtzeit/epics-base/include/os/Darwin -I/Users/emnu7898/uni/echtzeit/epics-base/include        -I/opt/homebrew/include  -c ../threadExample.c
c++           -DUSE_TYPED_RSET -DUSE_TYPED_DSET    -DUNIX  -Ddarwin      -O3 -g   -Wall       -arch arm64    -fno-common  -I. -I../O.Common -I. -I. -I.. -I../../../include/compiler/clang -I../../../include/os/Darwin -I../../../include -I/Users/emnu7898/uni/echtzeit/epics-base/include/compiler/clang -I/Users/emnu7898/uni/echtzeit/epics-base/include/os/Darwin -I/Users/emnu7898/uni/echtzeit/epics-base/include        -I/opt/homebrew/include  -c myExample_registerRecordDeviceDriver.cpp
c++           -DUSE_TYPED_RSET -DUSE_TYPED_DSET    -DUNIX  -Ddarwin      -O3 -g   -Wall       -arch arm64    -fno-common  -I. -I../O.Common -I. -I. -I.. -I../../../include/compiler/clang -I../../../include/os/Darwin -I../../../include -I/Users/emnu7898/uni/echtzeit/epics-base/include/compiler/clang -I/Users/emnu7898/uni/echtzeit/epics-base/include/os/Darwin -I/Users/emnu7898/uni/echtzeit/epics-base/include        -I/opt/homebrew/include  -c ../myExampleMain.cpp
/usr/bin/ar -rc    libmyExampleSupport.a    xxxRecord.o devXxxSoft.o dbSubExample.o devmyExampleVersion.o myExampleHello.o initTrace.o 
c++ -o libmyExampleSupport.dylib  -dynamiclib -flat_namespace -install_name /Users/emnu7898/threadExample_lab/lib/darwin-aarch64/libmyExampleSupport.dylib   -L/Users/emnu7898/threadExample_lab/lib/darwin-aarch64 -L/Users/emnu7898/uni/echtzeit/epics-base/lib/darwin-aarch64        -arch arm64   -L/opt/homebrew/opt/readline/lib      -L/opt/homebrew/lib     xxxRecord.o devXxxSoft.o dbSubExample.o devmyExampleVersion.o myExampleHello.o initTrace.o    -ldbRecStd -ldbCore -lca -lCom      -lreadline -lm 
/usr/bin/ranlib libmyExampleSupport.a
Installing shared library ../../../lib/darwin-aarch64/libmyExampleSupport.dylib
Installing library ../../../lib/darwin-aarch64/libmyExampleSupport.a
c++ -o myExample  -L/Users/emnu7898/threadExample_lab/lib/darwin-aarch64 -L/Users/emnu7898/uni/echtzeit/epics-base/lib/darwin-aarch64        -arch arm64   -L/opt/homebrew/opt/readline/lib      -L/opt/homebrew/lib     threadExample.o myExample_registerRecordDeviceDriver.o myExampleMain.o    -lmyExampleSupport -lqsrv -lpvAccessIOC -lpvAccessCA -lpvAccess -lpvData -ldbRecStd -ldbCore -lca -lCom   
Installing created executable ../../../bin/darwin-aarch64/myExample
/Applications/Xcode.app/Contents/Developer/usr/bin/make -C ./iocBoot install
/Applications/Xcode.app/Contents/Developer/usr/bin/make -C ./iocmyExample install
perl -CSD /Users/emnu7898/uni/echtzeit/epics-base/bin/darwin-aarch64/convertRelease.pl -t /Users/emnu7898/threadExample_lab envPaths
